<?xml version="1.0" encoding="UTF-8"?>
<!-- Generated by org.testng.reporters.JUnitReportReporter -->
<testsuite hostname="DESKTOP-6KM9G37" failures="0" tests="2" name="TestNG.Calender" time="5.180" errors="0" timestamp="2021-06-18T02:46:44 IST" skipped="0">
  <testcase classname="TestNG.Calender" name="siteSetup" time="5.075"/>
  <system-out/>
  <testcase classname="TestNG.Calender" name="claender" time="0.105"/>
  <system-out/>
</testsuite> <!-- TestNG.Calender -->
