<?xml version="1.0" encoding="UTF-8"?>
<!-- Generated by org.testng.reporters.JUnitReportReporter -->
<testsuite hostname="DESKTOP-6KM9G37" failures="0" tests="1" name="demoSite.CorrectPassword" time="6.481" errors="0" timestamp="2021-06-24T13:29:49 IST" skipped="0">
  <testcase classname="demoSite.CorrectPassword" name="loginCorrectPassword" time="6.481"/>
  <system-out/>
</testsuite> <!-- demoSite.CorrectPassword -->
