<?xml version="1.0" encoding="UTF-8"?>
<!-- Generated by org.testng.reporters.JUnitReportReporter -->
<testsuite hostname="DESKTOP-6KM9G37" failures="0" tests="4" name="TestNG.DynamicTable" time="4.982" errors="0" timestamp="2021-06-29T00:39:32 IST" skipped="0">
  <testcase classname="TestNG.DynamicTable" name="siteSetup" time="4.313"/>
  <system-out/>
  <testcase classname="TestNG.DynamicTable" name="tabelSelect" time="0.193"/>
  <system-out/>
  <testcase classname="TestNG.DynamicTable" name="progressValue" time="0.121"/>
  <system-out/>
  <testcase classname="TestNG.DynamicTable" name="leastCompletedTak" time="0.355"/>
  <system-out/>
</testsuite> <!-- TestNG.DynamicTable -->
