<?xml version="1.0" encoding="UTF-8"?>
<!-- Generated by org.testng.reporters.JUnitReportReporter -->
<testsuite hostname="DESKTOP-6KM9G37" failures="0" tests="3" name="Application.RefreshCommands" time="8.004" errors="0" timestamp="2021-06-27T00:10:27 IST" skipped="0">
  <testcase classname="Application.RefreshCommands" name="navigateRefresh" time="1.328"/>
  <system-out/>
  <testcase classname="Application.RefreshCommands" name="javaExecuterrefresh" time="1.534"/>
  <system-out/>
  <testcase classname="Application.RefreshCommands" name="robotRefresh" time="5.142"/>
  <system-out/>
</testsuite> <!-- Application.RefreshCommands -->
