<?xml version="1.0" encoding="UTF-8"?>
<!-- Generated by org.testng.reporters.JUnitReportReporter -->
<testsuite hostname="DESKTOP-6KM9G37" failures="0" tests="9" name="demoSite.UsingExcelDataProvider" time="59.235" errors="0" timestamp="2021-06-20T15:19:46 IST" skipped="0">
  <testcase classname="demoSite.UsingExcelDataProvider" name="loginPage" time="3.638"/>
  <system-out/>
  <testcase classname="demoSite.UsingExcelDataProvider" name="loginPage" time="3.610"/>
  <system-out/>
  <testcase classname="demoSite.UsingExcelDataProvider" name="loginPage" time="28.144"/>
  <system-out/>
  <testcase classname="demoSite.UsingExcelDataProvider" name="loginPage" time="2.639"/>
  <system-out/>
  <testcase classname="demoSite.UsingExcelDataProvider" name="loginPage" time="2.491"/>
  <system-out/>
  <testcase classname="demoSite.UsingExcelDataProvider" name="loginPage" time="2.493"/>
  <system-out/>
  <testcase classname="demoSite.UsingExcelDataProvider" name="loginPage" time="9.311"/>
  <system-out/>
  <testcase classname="demoSite.UsingExcelDataProvider" name="loginPage" time="4.126"/>
  <system-out/>
  <testcase classname="demoSite.UsingExcelDataProvider" name="loginPage" time="2.783"/>
  <system-out/>
</testsuite> <!-- demoSite.UsingExcelDataProvider -->
