<?xml version="1.0" encoding="UTF-8"?>
<!-- Generated by org.testng.reporters.JUnitReportReporter -->
<testsuite hostname="DESKTOP-6KM9G37" failures="0" tests="1" name="Application.CheckBoxExample" time="2.032" errors="0" timestamp="2021-06-29T13:59:25 IST" skipped="0">
  <testcase classname="Application.CheckBoxExample" name="parentsPermission" time="2.032"/>
  <system-out/>
</testsuite> <!-- Application.CheckBoxExample -->
