<?xml version="1.0" encoding="UTF-8"?>
<!-- Generated by org.testng.reporters.JUnitReportReporter -->
<testsuite hostname="DESKTOP-6KM9G37" failures="0" tests="2" name="TestNG.testSetupTest" time="9.053" errors="0" timestamp="2021-07-03T21:44:23 IST" skipped="0">
  <testcase classname="TestNG.testSetupTest" name="webPageSetup" time="7.365"/>
  <system-out/>
  <testcase classname="TestNG.testSetupTest" name="imageClick" time="1.688"/>
  <system-out/>
</testsuite> <!-- TestNG.testSetupTest -->
